<?xml version="1.0" encoding="utf-8"?><testsuites name="pytest tests"><testsuite name="pytest" errors="0" failures="0" skipped="0" tests="8" time="1.348" timestamp="2026-05-03T03:41:31.076140+00:00" hostname="agent-env-ebe9212a-29ee-433c-87d7-3ef564bfedc0"><testcase classname="backend.tests.test_api.TestRootEndpoint" name="test_root_returns_message" time="0.220" /><testcase classname="backend.tests.test_api.TestRootEndpoint" name="test_bot_active_flag" time="0.155" /><testcase classname="backend.tests.test_api.TestStatusEndpoint" name="test_status_200" time="0.136" /><testcase classname="backend.tests.test_api.TestStatusEndpoint" name="test_status_has_bot_active" time="0.145" /><testcase classname="backend.tests.test_api.TestStatusEndpoint" name="test_status_has_checkout_counts" time="0.155" /><testcase classname="backend.tests.test_api.TestCheckoutsEndpoint" name="test_checkouts_200" time="0.119" /><testcase classname="backend.tests.test_api.TestCheckoutsEndpoint" name="test_checkouts_returns_list" time="0.159" /><testcase classname="backend.tests.test_api.TestCheckoutsEndpoint" name="test_checkouts_no_mongo_id" time="0.101" /></testsuite></testsuites>